<?xml version="1.0" encoding="UTF-8" ?>
<testsuite errors="1" failures="0" hostname="lukespc" name="u2a9.MatrixTest" tests="1" time="0.04" timestamp="2010-06-22T16:31:09">
  <properties>
    <property name="netbeans.autoupdate.country" value="CH" />
    <property name="javac.test.classpath" value=":build/classes:C:\NetBeans68\java3\modules\ext\junit-3.8.2.jar:C:\NetBeans68\platform11\modules\ext\junit-4.5.jar" />
    <property name="libs.Java-EE-GlassFish-v3-Prelude.wsjwsdp" value="" />
    <property name="libs.jsf20.maven-pom" value="" />
    <property name="libs.DataBindingME.src" value="" />
    <property name="libs.j2me_ant_ext.javadoc" value="" />
    <property name="org.openide.TopManager.GUI" value="true" />
    <property name="libs.proguard.javadoc" value="" />
    <property name="libs.junit.javadoc" value="C:\NetBeans68\java3\docs\junit-3.8.2-api.zip" />
    <property name="libs.nsicom-ant-utils.src" value="" />
    <property name="libs.nokiaS80-ant-utils.javadoc" value="" />
    <property name="ant.core.lib" value="C:\NetBeans68\java3\ant\lib\ant.jar" />
    <property name="libs.swing-app-framework.src" value="" />
    <property name="libs.jakarta_slide_ant_webdav.javadoc" value="" />
    <property name="javadoc.windowtitle" value="" />
    <property name="libs.toplink.classpath" value="C:\NetBeans68\java3\modules\ext\toplink\toplink-essentials.jar;C:\NetBeans68\java3\modules\ext\toplink\toplink-essentials-agent.jar" />
    <property name="user.dir" value="E:\dev\netbeans_projects\u2a9" />
    <property name="libs.hibernate-persistence.javadoc" value="" />
    <property name="libs.JMUnit4CLDC10.javadoc" value="C:\NetBeans68\mobility8\modules\docs\jmunit-1.2.1-api.zip" />
    <property name="java.vm.version" value="16.3-b01" />
    <property name="libs.DataBindingME.classpath" value="C:\NetBeans68\mobility8\modules\ext\netbeans_databindingme.jar" />
    <property name="libs.jstl11.maven-pom" value="" />
    <property name="libs.Java-EE-GlassFish-v3.wsimport" value="" />
    <property name="libs.nsicom-ant-utils.classpath" value="C:\NetBeans68\mobility8\ant\nblib\org-netbeans-modules-j2me-cdc-project-nsicom.jar" />
    <property name="libs.MySQLDriver.classpath" value="C:\NetBeans68\ide12\modules\ext\mysql-connector-java-5.1.6-bin.jar" />
    <property name="libs.Java-EE-GlassFish-v3-Prelude.wsgenerate" value="" />
    <property name="libs.jstl11.src" value="" />
    <property name="javadoc.notree" value="false" />
    <property name="netbeans.autoupdate.version" value="1.23" />
    <property name="libs.EclipseLink-GlassFish-v3.classpath" value="C:\sges-v3\glassfish\modules\org.eclipse.persistence.antlr.jar;C:\sges-v3\glassfish\modules\org.eclipse.persistence.asm.jar;C:\sges-v3\glassfish\modules\org.eclipse.persistence.core.jar;C:\sges-v3\glassfish\modules\org.eclipse.persistence.jpa.jar;C:\sges-v3\glassfish\modules\org.eclipse.persistence.jpa.modelgen.jar;C:\sges-v3\glassfish\modules\org.eclipse.persistence.oracle.jar;C:\sges-v3\glassfish\modules\javax.persistence.jar" />
    <property name="libs.javaee-web-api-6.0.classpath" value="C:\NetBeans68\enterprise6\modules\ext\javaee-web-api-6.0.jar" />
    <property name="libs.DataBindingME-PIM.maven-pom" value="" />
    <property name="libs.hibernate-support.maven-pom" value="" />
    <property name="libs.hibernate-support.javadoc" value="" />
    <property name="libs.Java-EE-GlassFish-v3-Prelude.javadoc" value="D:\Program Files\NetBeans 6.8\enterprise6\docs\javaee6-doc-api.zip" />
    <property name="libs.NetBeans MIDP Components.maven-pom" value="" />
    <property name="jdk.home" value="C:\Program Files (x86)\Java\jdk1.6.0_20" />
    <property name="libs.javac-api.src" value="" />
    <property name="javadoc.noindex" value="false" />
    <property name="libs.Selenium.src" value="C:\Users\Lukas Elmer\.netbeans\6.8\modules\ext\selenium\selenium-java-client-driver-sources-1.0.1.jar" />
    <property name="sun.os.patch.level" value="" />
    <property name="libs.Java-EE-GlassFish-v3-Prelude.src" value="" />
    <property name="java.vm.specification.name" value="Java Virtual Machine Specification" />
    <property name="libs.semc-ant-utils.classpath" value="C:\NetBeans68\mobility8\modules\ext\org-netbeans-modules-j2me-cdc-project-semc.jar" />
    <property name="nb.show.statistics.ui" value="usageStatisticsEnabled" />
    <property name="libs.nokiadeployment.classpath" value="C:\NetBeans68\mobility8\modules\org-netbeans-modules-mobility-deployment-nokia.jar" />
    <property name="netbeans.autoupdate.variant" value="" />
    <property name="libs.restlib_gfv3.maven-pom" value="" />
    <property name="have.tests" value="true" />
    <property name="libs.nokiaS80-ant-utils.maven-pom" value="" />
    <property name="org.xml.sax.driver" value="com.sun.org.apache.xerces.internal.jaxp.SAXParserImpl$JAXPSAXParser" />
    <property name="libs.nb_svg_midp_components.src" value="C:\NetBeans68\mobility8\sources\nb_svg_midp_components-src.zip" />
    <property name="libs.NetBeans MIDP Components WMA.src" value="C:\NetBeans68\mobility8\sources\netbeans_midp_components_wma-src.zip" />
    <property name="libs.javac-api.javadoc" value="" />
    <property name="os.name" value="Windows 7" />
    <property name="libs.beans-binding.classpath" value="C:\NetBeans68\java3\modules\ext\beansbinding-1.2.1.jar" />
    <property name="platforms.Java_TM__Platform_Micro_Edition_SDK_3_0.preverifycommandline" value="" />
    <property name="libs.DataBindingME-SVG.javadoc" value="C:\NetBeans68\mobility8\modules\docs\netbeans_databindingme_svg-api.zip" />
    <property name="org.glassfish.v3ee6.installRoot" value="C:\sges-v3" />
    <property name="libs.restapi.javadoc" value="C:\NetBeans68\enterprise6\docs\jsr311-api-1.1.1-javadoc.zip" />
    <property name="libs.JWSAntTasks.maven-pom" value="" />
    <property name="libs.Selenium.classpath" value="C:\Users\Lukas Elmer\.netbeans\6.8\modules\ext\selenium\selenium-java-client-driver-1.0.1.jar" />
    <property name="libs.restapi.classpath" value="C:\NetBeans68\enterprise6\modules\ext\rest\jsr311-api-1.1.1.jar" />
    <property name="libs.EclipseLink-GlassFish-v3-Prelude.src" value="" />
    <property name="java.vendor.url.bug" value="http://java.sun.com/cgi-bin/bugreport.cgi" />
    <property name="libs.nsicom-ant-utils.javadoc" value="" />
    <property name="libs.jaxb.maven-pom" value="" />
    <property name="os.arch" value="x86" />
    <property name="libs.eclipselink.src" value="" />
    <property name="user.name" value="Lukas Elmer" />
    <property name="libs.jsf12.javadoc" value="C:\NetBeans68\enterprise6\docs\javaee6-doc-api.zip" />
    <property name="libs.Comet-GlassFish-v3.javadoc" value="" />
    <property name="manifest.available+main.class" value="true" />
    <property name="libs.swing-layout.maven-pom" value="" />
    <property name="build.classes.dir" value="build/classes" />
    <property name="netbeans.accept_license_class" value="org.netbeans.license.AcceptLicense" />
    <property name="libs.Java-EE-GlassFish-v3.wsjwsdp" value="" />
    <property name="build.sysclasspath" value="ignore" />
    <property name="libs.jaxws21.javadoc" value="C:\NetBeans68\java3\docs\jaxws-api-doc.zip" />
    <property name="includes" value="**" />
    <property name="platforms.default_fx_platform.java" value="C:\Program Files (x86)\Java\jdk1.6.0_20\jre\bin\java.exe" />
    <property name="user.country" value="CH" />
    <property name="manifest.file" value="manifest.mf" />
    <property name="libs.jstl11.javadoc" value="C:\NetBeans68\enterprise6\docs\javaee6-doc-api.zip" />
    <property name="libs.JMUnit4CLDC11.src" value="" />
    <property name="javadoc.encoding" value="UTF-8" />
    <property name="javac.classpath" value="" />
    <property name="debug-transport" value="dt_shmem" />
    <property name="netbeans.home" value="C:\NetBeans68\platform11" />
    <property name="build.compiler.emacs" value="true" />
    <property name="libs.javaee-web-api-6.0.src" value="" />
    <property name="libs.ejb3-persistence.src" value="" />
    <property name="libs.Java-EE-GlassFish-v3.javadoc" value="C:\NetBeans68\enterprise6\docs\javaee6-doc-api.zip" />
    <property name="libs.nokiaS80-ant-utils.src" value="" />
    <property name="libs.cdc-pp-awt-layout.javadoc" value="" />
    <property name="libs.j2me_ant_ext.classpath" value="C:\NetBeans68\mobility8\modules\org-netbeans-modules-mobility-antext.jar;C:\NetBeans68\java3\modules\org-netbeans-modules-classfile.jar" />
    <property name="java.endorsed.dirs" value="C:\Program Files (x86)\Java\jdk1.6.0_20\jre\lib\endorsed" />
    <property name="libs.Comet-GlassFish-v3.maven-pom" value="" />
    <property name="libs.groovy-all.src" value="" />
    <property name="netbeans.dynamic.classpath" value="C:\NetBeans68\platform11\core\core.jar;C:\NetBeans68\platform11\core\org-openide-filesystems.jar;C:\NetBeans68\platform11\core\locale\core_ja.jar;C:\NetBeans68\platform11\core\locale\core_pt_BR.jar;C:\NetBeans68\platform11\core\locale\core_zh_CN.jar;C:\NetBeans68\platform11\core\locale\org-openide-filesystems_ja.jar;C:\NetBeans68\platform11\core\locale\org-openide-filesystems_pt_BR.jar;C:\NetBeans68\platform11\core\locale\org-openide-filesystems_zh_CN.jar;C:\NetBeans68\nb6.8\core\org-netbeans-upgrader.jar;C:\NetBeans68\nb6.8\core\locale\core_nb.jar;C:\NetBeans68\nb6.8\core\locale\core_nb_ja.jar;C:\NetBeans68\nb6.8\core\locale\core_nb_pt_BR.jar;C:\NetBeans68\nb6.8\core\locale\core_nb_zh_CN.jar;C:\NetBeans68\nb6.8\core\locale\org-netbeans-upgrader_ja.jar;C:\NetBeans68\nb6.8\core\locale\org-netbeans-upgrader_pt_BR.jar;C:\NetBeans68\nb6.8\core\locale\org-netbeans-upgrader_zh_CN.jar" />
    <property name="libs.cdc-agui-swing-layout.maven-pom" value="" />
    <property name="libs.cdc-pp-awt-layout.src" value="C:\NetBeans68\mobility8\sources\cdc-pp-awt-layout-src.zip" />
    <property name="java.vm.specification.version" value="1.0" />
    <property name="libs.jakarta_slide_ant_webdav.src" value="" />
    <property name="libs.Java-EE-GlassFish-v3-Prelude.wsimport" value="" />
    <property name="libs.javaee-api-6.0.classpath" value="C:\NetBeans68\enterprise6\modules\ext\javaee-api-6.0.jar" />
    <property name="libs.sjmc-ant-utils.maven-pom" value="" />
    <property name="libs.groovy-all.maven-pom" value="" />
    <property name="libs.JMUnit4CLDC10.maven-pom" value="" />
    <property name="libs.hibernate-persistence.classpath" value="C:\NetBeans68\java3\modules\ext\hibernate\antlr-2.7.6.jar;C:\NetBeans68\java3\modules\ext\hibernate\asm.jar;C:\NetBeans68\java3\modules\ext\hibernate\asm-attrs.jar;C:\NetBeans68\java3\modules\ext\hibernate\cglib-2.1.3.jar;C:\NetBeans68\java3\modules\ext\hibernate\commons-collections-2.1.1.jar;C:\NetBeans68\ide12\modules\ext\commons-logging-1.1.jar;C:\NetBeans68\java3\modules\ext\hibernate\dom4j-1.6.1.jar;C:\NetBeans68\java3\modules\ext\hibernate\ehcache-1.2.3.jar;C:\NetBeans68\java3\modules\ext\hibernate\jdbc2_0-stdext.jar;C:\NetBeans68\java3\modules\ext\hibernate\jta.jar;C:\NetBeans68\java3\modules\ext\hibernate\hibernate3.jar;C:\NetBeans68\java3\modules\ext\hibernate\hibernate-tools.jar;C:\NetBeans68\java3\modules\ext\hibernate\hibernate-annotations.jar;C:\NetBeans68\java3\modules\ext\hibernate\hibernate-commons-annotations.jar;C:\NetBeans68\java3\modules\ext\hibernate\hibernate-entitymanager.jar;C:\NetBeans68\java3\modules\ext\hibernate\javassist.jar;C:\NetBeans68\java3\modules\ext\hibernate\ejb3-persistence.jar" />
    <property name="libs.jaxws21.src" value="" />
    <property name="platforms.Sun_Java_TM__Wireless_Toolkit_2_5_2_for_CLDC.preverifycommandline" value="" />
    <property name="libs.swing-app-framework.classpath" value="C:\NetBeans68\java3\modules\ext\appframework-1.0.3.jar;C:\NetBeans68\java3\modules\ext\swing-worker-1.1.jar" />
    <property name="netbeans.autoupdate.language" value="de" />
    <property name="libs.jakarta_slide_ant_webdav.classpath" value="C:\NetBeans68\mobility8\modules\ext\commons-httpclient-3.0.1.jar;C:\NetBeans68\ide12\modules\ext\commons-logging-1.1.jar;C:\NetBeans68\java3\modules\ext\jdom-1.0.jar;C:\NetBeans68\mobility8\modules\ext\jakarta-slide-webdavlib-2.1.jar;C:\NetBeans68\mobility8\modules\ext\jakarta-slide-ant-webdav-2.1.jar" />
    <property name="java.vendor" value="Sun Microsystems Inc." />
    <property name="libs.JMUnit4CLDC10.src" value="" />
    <property name="libs.javaee-api-6.0.javadoc" value="C:\NetBeans68\enterprise6\docs\javaee6-doc-api.zip" />
    <property name="javac.debug" value="true" />
    <property name="javadoc.splitindex" value="true" />
    <property name="file.separator" value="\" />
    <property name="libs.IdentityAntTasks.src" value="" />
    <property name="libs.restlib_gfv3ee6.classpath" value="C:\sges-v3\glassfish\modules\asm-all-repackaged.jar;C:\sges-v3\glassfish\modules\jackson-core-asl.jar;C:\sges-v3\glassfish\modules\jersey-gf-bundle.jar;C:\sges-v3\glassfish\modules\jersey-multipart.jar;C:\sges-v3\glassfish\modules\jettison.jar;C:\sges-v3\glassfish\modules\jsr311-api.jar" />
    <property name="libs.ActiveSync.classpath" value="C:\NetBeans68\mobility8\modules\ext\nbactivesync-5.0.jar" />
    <property name="platforms.Sun_Java_TM__Wireless_Toolkit_2_5_2_for_CLDC.home" value="D:\netbeans\mobility8\WTK2.5.2" />
    <property name="libs.junit_4.maven-pom" value="" />
    <property name="netbeans.buildnumber" value="200912041610" />
    <property name="libs.JWSAntTasks.javadoc" value="" />
    <property name="build.generated.sources.dir" value="build/generated-sources" />
    <property name="user.variant" value="" />
    <property name="libs.Java-EE-GlassFish-v3.wscompile" value="" />
    <property name="sun.java.launcher" value="SUN_STANDARD" />
    <property name="libs.junit.classpath" value="C:\NetBeans68\java3\modules\ext\junit-3.8.2.jar" />
    <property name="libs.jaxb.javadoc" value="C:\NetBeans68\ide12\docs\jaxb-api-doc.zip" />
    <property name="libs.struts.classpath" value="C:\NetBeans68\enterprise6\modules\ext\struts\antlr-2.7.2.jar;C:\NetBeans68\enterprise6\modules\ext\struts\bsf-2.3.0.jar;C:\NetBeans68\enterprise6\modules\ext\struts\commons-beanutils-1.7.0.jar;C:\NetBeans68\enterprise6\modules\ext\struts\commons-chain-1.1.jar;C:\NetBeans68\enterprise6\modules\ext\struts\commons-digester-1.8.jar;C:\NetBeans68\enterprise6\modules\ext\struts\commons-fileupload-1.1.1.jar;C:\NetBeans68\enterprise6\modules\ext\struts\commons-io-1.1.jar;C:\NetBeans68\enterprise6\modules\ext\struts\commons-logging-1.0.4.jar;C:\NetBeans68\enterprise6\modules\ext\struts\commons-validator-1.3.1.jar;C:\NetBeans68\enterprise6\modules\ext\struts\jstl-1.0.2.jar;C:\NetBeans68\enterprise6\modules\ext\struts\oro-2.0.8.jar;C:\NetBeans68\enterprise6\modules\ext\struts\standard-1.0.2.jar;C:\NetBeans68\enterprise6\modules\ext\struts\struts-core-1.3.8.jar;C:\NetBeans68\enterprise6\modules\ext\struts\struts-el-1.3.8.jar;C:\NetBeans68\enterprise6\modules\ext\struts\struts-extras-1.3.8.jar;C:\NetBeans68\enterprise6\modules\ext\struts\struts-faces-1.3.8.jar;C:\NetBeans68\enterprise6\modules\ext\struts\struts-mailreader-dao-1.3.8.jar;C:\NetBeans68\enterprise6\modules\ext\struts\struts-scripting-1.3.8.jar;C:\NetBeans68\enterprise6\modules\ext\struts\struts-taglib-1.3.8.jar;C:\NetBeans68\enterprise6\modules\ext\struts\struts-tiles-1.3.8.jar" />
    <property name="ant.home" value="C:\NetBeans68\java3\ant" />
    <property name="libs.junit_4.src" value="C:\NetBeans68\java3\docs\junit-4.5-src.jar" />
    <property name="libs.ricoh-ant-utils.maven-pom" value="" />
    <property name="libs.SPOTlibHost.maven-pom" value="" />
    <property name="libs.absolutelayout.maven-pom" value="" />
    <property name="ant.java.version" value="1.6" />
    <property name="java.library.path" value="C:\Program Files (x86)\Java\jdk1.6.0_20\jre\bin;.;C:\Windows\Sun\Java\bin;C:\Windows\system32;C:\Windows;C:\Windows\system32;C:\Windows;C:\Windows\System32\Wbem;C:\Windows\System32\WindowsPowerShell\v1.0\;E:\dev\ruby-1.8.6\bin;E:\dev\sphinx-0.9.9-win32-id64-full\bin;E:\dev\msys\1.0\bin;E:\dev\mingw\bin;C:\Program Files (x86)\CollabNet\Subversion Client;C:\apache-ant-1.8.1\bin;C:\Program Files (x86)\Java\jdk1.6.0_20\bin;C:\Program Files (x86)\Java\jdk1.6.0_20\jre\bin" />
    <property name="javadoc.author" value="false" />
    <property name="libs.metro.maven-pom" value="" />
    <property name="libs.IdentityAntTasks.classpath" value="C:\NetBeans68\identity2\ant\nblib\org-netbeans-modules-identity-ant.jar;C:\NetBeans68\identity2\modules\org-netbeans-modules-identity-profile-api.jar" />
    <property name="manifest.available+main.class-mkdist.available" value="true" />
    <property name="libs.EclipseLink-GlassFish-v3.src" value="" />
    <property name="java.util.logging.config.class" value="org.netbeans.core.startup.TopLogging" />
    <property name="libs.PostgreSQLDriver.src" value="" />
    <property name="sun.arch.data.model" value="32" />
    <property name="basedir" value="E:\dev\netbeans_projects\u2a9" />
    <property name="libs.Java-EE-GlassFish-v3-Prelude.embedabbleejb" value="" />
    <property name="libs.ActiveSync.src" value="" />
    <property name="jar.compress" value="false" />
    <property name="libs.NetBeans MIDP Components PDA.src" value="C:\NetBeans68\mobility8\sources\netbeans_midp_components_pda-src.zip" />
    <property name="libs.jstl11.classpath" value="C:\NetBeans68\enterprise6\modules\ext\standard.jar;C:\NetBeans68\enterprise6\modules\ext\jstl.jar" />
    <property name="path.separator" value=";" />
    <property name="libs.javaee-web-api-6.0.javadoc" value="C:\NetBeans68\enterprise6\docs\javaee6-doc-api.zip" />
    <property name="sun.io.unicode.encoding" value="UnicodeLittle" />
    <property name="libs.semc-ant-utils.javadoc" value="" />
    <property name="libs.jaxws21.classpath" value="C:\NetBeans68\ide12\modules\ext\jaxb\activation.jar;C:\NetBeans68\ide12\modules\ext\jaxb\api\jaxb-api.jar;C:\NetBeans68\ide12\modules\ext\jaxb\jaxb-impl.jar;C:\NetBeans68\ide12\modules\ext\jaxb\jaxb-xjc.jar;C:\NetBeans68\ide12\modules\ext\jaxb\api\jsr173_api.jar;C:\NetBeans68\java3\modules\ext\jaxws22\FastInfoset.jar;C:\NetBeans68\java3\modules\ext\jaxws22\gmbal-api-only.jar;C:\NetBeans68\java3\modules\ext\jaxws22\http.jar;C:\NetBeans68\java3\modules\ext\jaxws22\api\jaxws-api.jar;C:\NetBeans68\java3\modules\ext\jaxws22\jaxws-rt.jar;C:\NetBeans68\java3\modules\ext\jaxws22\jaxws-tools.jar;C:\NetBeans68\java3\modules\ext\jaxws22\api\jsr181-api.jar;C:\NetBeans68\java3\modules\ext\jaxws22\api\jsr250-api.jar;C:\NetBeans68\java3\modules\ext\jaxws22\management-api.jar;C:\NetBeans68\java3\modules\ext\jaxws22\mimepull.jar;C:\NetBeans68\java3\modules\ext\jaxws22\policy.jar;C:\NetBeans68\java3\modules\ext\jaxws22\api\saaj-api.jar;C:\NetBeans68\java3\modules\ext\jaxws22\saaj-impl.jar;C:\NetBeans68\java3\modules\ext\jaxws22\stax-ex.jar;C:\NetBeans68\java3\modules\ext\jaxws22\streambuffer.jar;C:\NetBeans68\java3\modules\ext\jaxws22\woodstox.jar" />
    <property name="libs.struts.src" value="" />
    <property name="compile.on.save" value="true" />
    <property name="user.language" value="de" />
    <property name="libs.spring-framework.classpath" value="C:\NetBeans68\ide12\modules\ext\commons-logging-1.1.jar;C:\NetBeans68\java3\modules\ext\cglib-2.2.jar;C:\NetBeans68\java3\modules\ext\spring\spring-2.5.jar" />
    <property name="libs.eclipselink.maven-pom" value="" />
    <property name="manifest.available" value="true" />
    <property name="run.test.classpath" value=":build/classes:C:\NetBeans68\java3\modules\ext\junit-3.8.2.jar:C:\NetBeans68\platform11\modules\ext\junit-4.5.jar:build/test/classes" />
    <property name="useJavaUtilZip" value="true" />
    <property name="libs.swing-layout.javadoc" value="C:\NetBeans68\platform11\docs\swing-layout-1.0.4-doc.zip" />
    <property name="libs.swing-app-framework.javadoc" value="C:\NetBeans68\java3\docs\appframework-1.0.3-doc.zip" />
    <property name="libs.ejb3-persistence.maven-pom" value="" />
    <property name="libs.proguard.classpath" value="C:\NetBeans68\mobility8\external\proguard\proguard4.4.jar" />
    <property name="libs.DataBindingME-SVG.classpath" value="C:\NetBeans68\mobility8\modules\ext\netbeans_databindingme_svg.jar" />
    <property name="https.nonProxyHosts" value="localhost|127.0.0.1|lukespc" />
    <property name="libs.PostgreSQLDriver.maven-pom" value="" />
    <property name="java.class.version" value="50.0" />
    <property name="libs.javaee-endorsed-api-6.0.src" value="" />
    <property name="libs.cdc-ant-utils.classpath" value="C:\NetBeans68\mobility8\modules\ext\org-netbeans-modules-j2me-cdc-project.jar" />
    <property name="netbeans.system_http_proxy" value="DIRECT" />
    <property name="libs.eclipselink.javadoc" value="C:\NetBeans68\enterprise6\docs\javaee6-doc-api.zip" />
    <property name="libs.NetBeans MIDP Components WMA.maven-pom" value="" />
    <property name="user.properties.file" value="C:\Users\Lukas Elmer\.netbeans\6.8\build.properties" />
    <property name="platforms.Sun_Java_TM__Wireless_Toolkit_2_5_2_for_CLDC.runcommandline" value="" />
    <property name="platforms.default_fx_platform.bootclasspath" value="C:\NetBeans68\javafx2\javafx-sdk\lib\shared\javafxc.jar;C:\NetBeans68\javafx2\javafx-sdk\lib\shared\javafxrt.jar;C:\NetBeans68\javafx2\javafx-sdk\lib\desktop\rt15.jar;C:\NetBeans68\javafx2\javafx-sdk\lib\desktop\javafx-geom.jar;C:\NetBeans68\javafx2\javafx-sdk\lib\desktop\javafx-ui-common.jar;C:\NetBeans68\javafx2\javafx-sdk\lib\desktop\javafx-ui-desktop.jar;C:\NetBeans68\javafx2\javafx-sdk\lib\desktop\javafx-ui-swing.jar;C:\NetBeans68\javafx2\javafx-sdk\lib\desktop\fxdloader.jar;C:\NetBeans68\javafx2\javafx-sdk\lib\desktop\websvc.jar;C:\NetBeans68\javafx2\javafx-sdk\lib\desktop\javafx-ui-controls.jar;C:\NetBeans68\javafx2\javafx-sdk\lib\desktop\javafx-ui-charts.jar;C:\NetBeans68\javafx2\javafx-sdk\lib\desktop\javafx-common.jar;C:\NetBeans68\javafx2\javafx-sdk\lib\desktop\javafx-io.jar;C:\NetBeans68\javafx2\javafx-sdk\lib\desktop\eula.jar;C:\NetBeans68\javafx2\javafx-sdk\lib\desktop\javafx-anim.jar;C:\NetBeans68\javafx2\javafx-sdk\lib\desktop\decora-runtime.jar;C:\NetBeans68\javafx2\javafx-sdk\lib\desktop\decora-sse.jar;C:\NetBeans68\javafx2\javafx-sdk\lib\desktop\decora-d3d.jar;C:\NetBeans68\javafx2\javafx-sdk\lib\desktop\decora-j2d-rsl.jar;C:\NetBeans68\javafx2\javafx-sdk\lib\desktop\decora-ogl.jar;C:\NetBeans68\javafx2\javafx-sdk\lib\desktop\decora-j2d-jogl.jar;C:\NetBeans68\javafx2\javafx-sdk\lib\desktop\javafx-sg-common.jar;C:\NetBeans68\javafx2\javafx-sdk\lib\desktop\javafx-sg-swing.jar;C:\NetBeans68\javafx2\javafx-sdk\lib\desktop\jogl.jar;C:\NetBeans68\javafx2\javafx-sdk\lib\desktop\gluegen-rt.jar;C:\NetBeans68\javafx2\javafx-sdk\lib\desktop\jmc.jar;C:\NetBeans68\javafx2\javafx-sdk\lib\desktop\script-api.jar;C:\NetBeans68\javafx2\javafx-sdk\lib\mobile\javafxapi-cldc.jar;C:\NetBeans68\javafx2\javafx-sdk\lib\mobile\cldc_1.1.jar;C:\NetBeans68\javafx2\javafx-sdk\lib\mobile\midp_2.0.jar;C:\NetBeans68\javafx2\javafx-sdk\lib\mobile\jsr120_1.1.jar;C:\NetBeans68\javafx2\javafx-sdk\lib\mobile\jsr135_1.1.jar;C:\NetBeans68\javafx2\javafx-sdk\lib\mobile\jsr172_1.0.jar;C:\NetBeans68\javafx2\javafx-sdk\lib\mobile\jsr177_1.0.jar;C:\NetBeans68\javafx2\javafx-sdk\lib\mobile\jsr179_1.0.jar;C:\NetBeans68\javafx2\javafx-sdk\lib\mobile\jsr184_1.1.jar;C:\NetBeans68\javafx2\javafx-sdk\lib\mobile\jsr234_1.0.jar;C:\NetBeans68\javafx2\javafx-sdk\lib\mobile\jsr256_1.1.jar;C:\NetBeans68\javafx2\javafx-sdk\lib\mobile\jsr75_1.0.jar" />
    <property name="runtime.encoding" value="UTF-8" />
    <property name="libs.SPOTlib.javadoc" value="C:\SunSPOT\sdk\doc\javadoc" />
    <property name="libs.spring-framework.src" value="" />
    <property name="libs.javac-api.maven-pom" value="" />
    <property name="file.encoding.pkg" value="sun.io" />
    <property name="sun.cpu.endian" value="little" />
    <property name="libs.JWSAntTasks.classpath" value="C:\NetBeans68\java3\ant\extra\org-netbeans-modules-javawebstart-anttasks.jar" />
    <property name="libs.EclipseLink-GlassFish-v3-Prelude.classpath" value="E:\dev\netbeans_projectsr\GlassFish_v3_Prelude\glassfish\modules\org.eclipse.persistence.antlr.jar;E:\dev\netbeans_projectsr\GlassFish_v3_Prelude\glassfish\modules\org.eclipse.persistence.asm.jar;E:\dev\netbeans_projectsr\GlassFish_v3_Prelude\glassfish\modules\org.eclipse.persistence.core.jar;E:\dev\netbeans_projectsr\GlassFish_v3_Prelude\glassfish\modules\org.eclipse.persistence.jpa.jar;E:\dev\netbeans_projectsr\GlassFish_v3_Prelude\glassfish\modules\org.eclipse.persistence.oracle.jar;E:\dev\netbeans_projectsr\GlassFish_v3_Prelude\glassfish\modules\javax.persistence.jar" />
    <property name="libs.ant-contrib.classpath" value="C:\NetBeans68\mobility8\modules\ext\ant-contrib-1.0b3.jar" />
    <property name="empty.dir" value="E:\dev\netbeans_projects\u2a9\build\empty" />
    <property name="platforms.default_fx_platform.compiler" value="modern" />
    <property name="version-output" value="java version &quot;1.6" />
    <property name="javadoc.preview" value="true" />
    <property name="nbplatform.default.harness.dir" value="C:\NetBeans68/harness" />
    <property name="java.home" value="C:\Program Files (x86)\Java\jdk1.6.0_20\jre" />
    <property name="libs.ricoh-ant-utils.src" value="" />
    <property name="libs.spring-webmvc.src" value="" />
    <property name="mozswing.gtklaf_check" value="false" />
    <property name="libs.ant-contrib.javadoc" value="" />
    <property name="libs.Comet-GlassFish-v3-Prelude.classpath" value="E:\dev\netbeans_projectsr\GlassFish_v3_Prelude\glassfish\modules\grizzly-module.jar" />
    <property name="debug.test.classpath" value=":build/classes:C:\NetBeans68\java3\modules\ext\junit-3.8.2.jar:C:\NetBeans68\platform11\modules\ext\junit-4.5.jar:build/test/classes" />
    <property name="libs.javaee-endorsed-api-6.0.classpath" value="C:\NetBeans68\enterprise6\modules\ext\javaee6-endorsed\javax.annotation.jar;C:\NetBeans68\enterprise6\modules\ext\javaee6-endorsed\jaxb-api-osgi.jar;C:\NetBeans68\enterprise6\modules\ext\javaee6-endorsed\webservices-api-osgi.jar" />
    <property name="libs.javaee-api-6.0.src" value="" />
    <property name="netbeans.importclass" value="org.netbeans.upgrade.AutoUpgrade" />
    <property name="org.openide.TopManager" value="org.netbeans.core.NonGui" />
    <property name="libs.savaje-ant-utils.classpath" value="C:\NetBeans68\mobility8\modules\ext\org-netbeans-modules-j2me-cdc-project-savaje.jar" />
    <property name="libs.toplink.maven-pom" value="" />
    <property name="libs.DataBindingME.maven-pom" value="" />
    <property name="libs.PostgreSQLDriver.javadoc" value="" />
    <property name="libs.restlib.classpath" value="C:\NetBeans68\enterprise6\modules\ext\rest\asm-3.1.jar;C:\NetBeans68\enterprise6\modules\ext\rest\jackson-core-asl-1.1.1.jar;C:\NetBeans68\enterprise6\modules\ext\rest\jersey-client-1.1.4.jar;C:\NetBeans68\enterprise6\modules\ext\rest\jersey-core-1.1.4.jar;C:\NetBeans68\enterprise6\modules\ext\rest\jersey-json-1.1.4.jar;C:\NetBeans68\enterprise6\modules\ext\rest\jersey-server-1.1.4.jar;C:\NetBeans68\enterprise6\modules\ext\rest\jersey-spring-1.1.4.jar;C:\NetBeans68\enterprise6\modules\ext\rest\jettison-1.1.jar;C:\NetBeans68\ide12\modules\ext\jaxb\activation.jar;C:\NetBeans68\ide12\modules\ext\jaxb\api\jaxb-api.jar;C:\NetBeans68\ide12\modules\ext\jaxb\jaxb-impl.jar;C:\NetBeans68\ide12\modules\ext\jaxb\jaxb-xjc.jar;C:\NetBeans68\ide12\modules\ext\jaxb\api\jsr173_api.jar" />
    <property name="libs.JMUnit4CLDC11.javadoc" value="C:\NetBeans68\mobility8\modules\docs\jmunit-1.2.1-api.zip" />
    <property name="libs.nsicom-ant-utils.maven-pom" value="" />
    <property name="libs.MySQLDriver.maven-pom" value="" />
    <property name="libs.savaje-ant-utils.src" value="" />
    <property name="http.nonProxyHosts" value="localhost|127.0.0.1|lukespc" />
    <property name="libs.junit_4.javadoc" value="C:\NetBeans68\java3\docs\junit-4.5-api.zip" />
    <property name="libs.spring-webmvc.javadoc" value="" />
    <property name="libs.toplink.src" value="" />
    <property name="libs.EclipseLink-GlassFish-v3.maven-pom" value="" />
    <property name="libs.javaee-web-api-6.0.maven-pom" value="" />
    <property name="libs.cdc-pp-awt-layout.classpath" value="C:\NetBeans68\mobility8\modules\ext\cdc-pp-awt-layout.jar" />
    <property name="libs.cdc-agui-swing-layout.src" value="C:\NetBeans68\mobility8\sources\cdc-agui-swing-layout-src.zip" />
    <property name="run.classpath" value=":build/classes" />
    <property name="libs.hibernate-support.src" value="" />
    <property name="libs.javaee-endorsed-api-6.0.javadoc" value="C:\NetBeans68\enterprise6\docs\javaee6-doc-api.zip" />
    <property name="libs.JMUnit4CLDC11.classpath" value="C:\NetBeans68\mobility8\modules\ext\jmunit4cldc11-1.2.1.jar" />
    <property name="libs.nb_svg_midp_components.classpath" value="C:\NetBeans68\mobility8\modules\ext\nb_svg_midp_components.jar" />
    <property name="libs.NetBeans MIDP Components PDA.classpath" value="C:\NetBeans68\mobility8\modules\ext\netbeans_midp_components_pda.jar" />
    <property name="libs.semc-ant-utils.maven-pom" value="" />
    <property name="libs.nokiadeployment.maven-pom" value="" />
    <property name="libs.restapi.src" value="" />
    <property name="libs.NetBeans MIDP Components.javadoc" value="C:\NetBeans68\mobility8\modules\docs\netbeans_midp_components_basic-api.zip" />
    <property name="sun.management.compiler" value="HotSpot Client Compiler" />
    <property name="libs.Comet-GlassFish-v3-Prelude.javadoc" value="" />
    <property name="javac.deprecation" value="false" />
    <property name="javadoc.use" value="true" />
    <property name="jna.boot.library.path" value="C:\Users\Lukas Elmer\.netbeans\6.8\var\cache\jna" />
    <property name="sun.java2d.noddraw" value="true" />
    <property name="platforms.Sun_Java_TM__Wireless_Toolkit_2_5_2_for_CLDC.type" value="UEI-1.0.1" />
    <property name="libs.spring-webmvc.classpath" value="C:\NetBeans68\enterprise6\modules\ext\spring\spring-webmvc-2.5.jar" />
    <property name="javac.compilerargs" value="" />
    <property name="ant.file" value="E:\dev\netbeans_projects\u2a9\build.xml" />
    <property name="libs.beans-binding.maven-pom" value="" />
    <property name="libs.jsf12.classpath" value="C:\NetBeans68\enterprise6\modules\ext\jsf-1_2\commons-beanutils.jar;C:\NetBeans68\enterprise6\modules\ext\jsf-1_2\commons-collections.jar;C:\NetBeans68\enterprise6\modules\ext\jsf-1_2\commons-digester.jar;C:\NetBeans68\enterprise6\modules\ext\jsf-1_2\commons-logging.jar;C:\NetBeans68\enterprise6\modules\ext\jsf-1_2\jsf-api.jar;C:\NetBeans68\enterprise6\modules\ext\jsf-1_2\jsf-impl.jar" />
    <property name="libs.Java-EE-GlassFish-v3-Prelude.classpath" value="E:\dev\netbeans_projectsr\GlassFish_v3_Prelude\glassfish\modules\jsf-api.jar;E:\dev\netbeans_projectsr\GlassFish_v3_Prelude\glassfish\modules\javax.annotation.jar;E:\dev\netbeans_projectsr\GlassFish_v3_Prelude\glassfish\modules\javax.servlet.jsp.jar;E:\dev\netbeans_projectsr\GlassFish_v3_Prelude\glassfish\modules\javax.resource.jar;E:\dev\netbeans_projectsr\GlassFish_v3_Prelude\glassfish\modules\web\javax.servlet.jsp.jstl.jar;E:\dev\netbeans_projectsr\GlassFish_v3_Prelude\glassfish\modules\javax.security.jacc.jar;E:\dev\netbeans_projectsr\GlassFish_v3_Prelude\glassfish\modules\javax.xml.stream.jar;E:\dev\netbeans_projectsr\GlassFish_v3_Prelude\glassfish\modules\ejb\javax.ejb.jar;E:\dev\netbeans_projectsr\GlassFish_v3_Prelude\glassfish\modules\javax.transaction.jar;E:\dev\netbeans_projectsr\GlassFish_v3_Prelude\glassfish\modules\web\jstl-impl.jar;E:\dev\netbeans_projectsr\GlassFish_v3_Prelude\glassfish\modules\javax.security.auth.message.jar;E:\dev\netbeans_projectsr\GlassFish_v3_Prelude\glassfish\modules\javax.enterprise.deploy.jar;E:\dev\netbeans_projectsr\GlassFish_v3_Prelude\glassfish\modules\web\jsf-impl.jar;E:\dev\netbeans_projectsr\GlassFish_v3_Prelude\glassfish\modules\javax.activation.jar;E:\dev\netbeans_projectsr\GlassFish_v3_Prelude\glassfish\modules\javax.mail.jar;E:\dev\netbeans_projectsr\GlassFish_v3_Prelude\glassfish\modules\javax.persistence.jar;E:\dev\netbeans_projectsr\GlassFish_v3_Prelude\glassfish\modules\javax.servlet.jar" />
    <property name="sun.awt.exception.handler" value="org.netbeans.core.startup.TopLogging$AWTHandler" />
    <property name="subversion.native.library" value="C:\Users\Lukas Elmer\.netbeans\6.8\modules\lib\libsvnjavahl-1.dll" />
    <property name="libs.Selenium.maven-pom" value="" />
    <property name="libs.restapi.maven-pom" value="" />
    <property name="libs.beans-binding.src" value="" />
    <property name="libs.NetBeans MIDP Components PDA.javadoc" value="C:\NetBeans68\mobility8\modules\docs\netbeans_midp_components_pda-api.zip" />
    <property name="java.vm.specification.vendor" value="Sun Microsystems Inc." />
    <property name="libs.DataBindingME-PIM.javadoc" value="C:\NetBeans68\mobility8\modules\docs\netbeans_databindingme_pim-api.zip" />
    <property name="libs.swing-layout.src" value="C:\NetBeans68\platform11\docs\swing-layout-1.0.4-src.zip" />
    <property name="libs.Java-EE-GlassFish-v3.embedabbleejb" value="" />
    <property name="libs.j2me_ant_ext.src" value="" />
    <property name="org.openide.major.version" value="IDE/1" />
    <property name="java.vm.name" value="Java HotSpot(TM) Client VM" />
    <property name="netbeans.user" value="C:\Users\Lukas Elmer\.netbeans\6.8" />
    <property name="javadoc.additionalparam" value="" />
    <property name="libs.ricoh-ant-utils.classpath" value="C:\NetBeans68\mobility8\modules\ext\org-netbeans-modules-j2me-cdc-project-ricoh.jar;C:\NetBeans68\mobility8\modules\ext\RicohAntTasks-2.0.jar;C:\NetBeans68\mobility8\modules\ext\commons-httpclient-3.0.jar;C:\NetBeans68\ide12\modules\ext\commons-logging-1.1.jar;C:\NetBeans68\mobility8\modules\ext\commons-codec-1.3.jar" />
    <property name="java.io.tmpdir" value="C:\Users\LUKASE~1\AppData\Local\Temp\" />
    <property name="libs.SPOTlib.src" value="C:\SunSPOT\sdk\src\spotlib_source.jar;C:\SunSPOT\sdk\src\multihop_common_source.jar;C:\SunSPOT\sdk\src\transducer_device_source.jar" />
    <property name="java.vendor.url" value="http://java.sun.com/" />
    <property name="endorsed.classpath.cmd.line.arg" value="-Xbootclasspath/p:&apos;E:\dev\netbeans_projects\u2a9\${endorsed.classpath}&apos;" />
    <property name="jspc.classpath" value="C:\NetBeans68\java3\ant\lib\ant.jar:C:\NetBeans68\enterprise6\modules\ext\servlet2.5-jsp2.1-api.jar:${j2ee.platform.classpath}:C:\NetBeans68\enterprise6\modules\ext\glassfish-jspparser-2.0.jar:C:\NetBeans68\enterprise6\modules\ext\glassfish-logging-2.0.jar:C:\NetBeans68\ide12\modules\ext\commons-logging-1.1.jar:C:\NetBeans68\java3\ant\lib\ant-launcher.jar" />
    <property name="sun.boot.library.path" value="C:\Program Files (x86)\Java\jdk1.6.0_20\jre\bin" />
    <property name="have.sources" value="true" />
    <property name="debug.classpath" value=":build/classes" />
    <property name="javadoc.private" value="false" />
    <property name="test.src.dir" value="test" />
    <property name="libs.jsf20.classpath" value="C:\NetBeans68\enterprise6\modules\ext\jsf-2_0\jsf-api.jar;C:\NetBeans68\enterprise6\modules\ext\jsf-2_0\jsf-impl.jar" />
    <property name="meta.inf.dir" value="src/META-INF" />
    <property name="javadoc.encoding.used" value="UTF-8" />
    <property name="libs.DataBindingME-SVG.src" value="" />
    <property name="libs.SPOTlib.maven-pom" value="" />
    <property name="dist.jar" value="dist/u2a9.jar" />
    <property name="netbeans.automatic.build" value="true" />
    <property name="java.runtime.name" value="Java(TM) SE Runtime Environment" />
    <property name="ant.project.name" value="u2a9" />
    <property name="netbeans.hash.code" value="unique=NB_CND_FX_GROOVY_JAVA_MOB_PHP_RUBY_WEBEE030ae6f70-7ea1-402c-a30c-c9bc06b52398_264bbb5f-6e46-49c2-8260-1ac4c9d77dff" />
    <property name="libs.EclipseLink-GlassFish-v3-Prelude.javadoc" value="" />
    <property name="manifest.available-mkdist.available" value="true" />
    <property name="libs.Comet-GlassFish-v3-Prelude.src" value="" />
    <property name="sun.cpu.isalist" value="pentium_pro+mmx pentium_pro pentium+mmx pentium i486 i386 i86" />
    <property name="libs.j2me_ant_ext.maven-pom" value="" />
    <property name="libs.CopyLibs.javadoc" value="" />
    <property name="org.openide.specification.version" value="6.2" />
    <property name="libs.ActiveSync.javadoc" value="" />
    <property name="libs.DataBindingME-PIM.classpath" value="C:\NetBeans68\mobility8\modules\ext\netbeans_databindingme_pim.jar" />
    <property name="libs.hibernate-support.classpath" value="C:\NetBeans68\java3\modules\ext\hibernate\antlr-2.7.6.jar;C:\NetBeans68\java3\modules\ext\hibernate\asm.jar;C:\NetBeans68\java3\modules\ext\hibernate\asm-attrs.jar;C:\NetBeans68\java3\modules\ext\hibernate\cglib-2.1.3.jar;C:\NetBeans68\java3\modules\ext\hibernate\commons-collections-2.1.1.jar;C:\NetBeans68\ide12\modules\ext\commons-logging-1.1.jar;C:\NetBeans68\java3\modules\ext\hibernate\dom4j-1.6.1.jar;C:\NetBeans68\java3\modules\ext\hibernate\ehcache-1.2.3.jar;C:\NetBeans68\java3\modules\ext\hibernate\jdbc2_0-stdext.jar;C:\NetBeans68\java3\modules\ext\hibernate\jta.jar;C:\NetBeans68\java3\modules\ext\hibernate\hibernate3.jar;C:\NetBeans68\java3\modules\ext\hibernate\hibernate-tools.jar;C:\NetBeans68\java3\modules\ext\hibernate\hibernate-annotations.jar;C:\NetBeans68\java3\modules\ext\hibernate\hibernate-commons-annotations.jar;C:\NetBeans68\java3\modules\ext\hibernate\hibernate-entitymanager.jar;C:\NetBeans68\java3\modules\ext\hibernate\javassist.jar" />
    <property name="user.home" value="C:\Users\Lukas Elmer" />
    <property name="debug-args-line" value="-Xdebug" />
    <property name="libs.NetBeans MIDP Components.classpath" value="C:\NetBeans68\mobility8\modules\ext\netbeans_midp_components_basic.jar" />
    <property name="libs.javaee-api-6.0.maven-pom" value="" />
    <property name="libs.JWSAntTasks.src" value="" />
    <property name="libs.CopyLibs.maven-pom" value="" />
    <property name="libs.absolutelayout.javadoc" value="" />
    <property name="libs.hibernate-persistence.maven-pom" value="" />
    <property name="java.specification.name" value="Java Platform API Specification" />
    <property name="libs.swing-app-framework.maven-pom" value="" />
    <property name="libs.NetBeans MIDP Components WMA.classpath" value="C:\NetBeans68\mobility8\modules\ext\netbeans_midp_components_wma.jar" />
    <property name="libs.jakarta_slide_ant_webdav.maven-pom" value="" />
    <property name="libs.sjmc-ant-utils.src" value="" />
    <property name="java.specification.vendor" value="Sun Microsystems Inc." />
    <property name="libs.cdc-agui-swing-layout.javadoc" value="" />
    <property name="libs.javac-api.classpath" value="C:\NetBeans68\java3\modules\ext\javac-api-nb-7.0-b07.jar" />
    <property name="libs.restlib_gfv3.classpath" value="E:\dev\netbeans_projectsr\GlassFish_v3_Prelude\glassfish\modules\asm-all-repackaged.jar" />
    <property name="java.version" value="1.6.0_20" />
    <property name="libs.nokiaS80-ant-utils.classpath" value="C:\NetBeans68\mobility8\modules\ext\org-netbeans-modules-j2me-cdc-project-nokiaS80.jar" />
    <property name="platforms.default_fx_platform.home" value="C:\Program Files (x86)\Java\jdk1.6.0_20\jre" />
    <property name="javadoc.version" value="false" />
    <property name="libs.NetBeans MIDP Components WMA.javadoc" value="C:\NetBeans68\mobility8\modules\docs\netbeans_midp_components_wma-api.zip" />
    <property name="libs.MySQLDriver.javadoc" value="" />
    <property name="org.openide.version" value="deprecated" />
    <property name="libs.restlib_gfv3ee6.maven-pom" value="" />
    <property name="source.encoding" value="UTF-8" />
    <property name="libs.ActiveSync.maven-pom" value="" />
    <property name="platforms.Java_TM__Platform_Micro_Edition_SDK_3_0.home" value="D:\Program Files\NetBeans 6.8\mobility8\Java_ME_platform_SDK_3.0" />
    <property name="libs.junit.maven-pom" value="" />
    <property name="libs.metro.javadoc" value="C:\NetBeans68\enterprise6\docs\metro-1.4-doc.zip" />
    <property name="libs.struts.maven-pom" value="" />
    <property name="netbeans.home+have.tests" value="true" />
    <property name="platforms.Java_TM__Platform_Micro_Edition_SDK_3_0.runcommandline" value="" />
    <property name="org.mortbay.http.HttpRequest.maxFormContentSize" value="0" />
    <property name="libs.IdentityAntTasks.maven-pom" value="" />
    <property name="libs.SPOTlibHost.javadoc" value="C:\SunSPOT\sdk\doc\hostjavadoc;C:\SunSPOT\sdk\doc\javadoc" />
    <property name="libs.jaxb.src" value="" />
    <property name="libs.Java-EE-GlassFish-v3.wsgenerate" value="" />
    <property name="work.dir" value="E:\dev\netbeans_projects\u2a9" />
    <property name="libs.cdc-ant-utils.src" value="" />
    <property name="libs.jaxb.classpath" value="C:\NetBeans68\ide12\modules\ext\jaxb\activation.jar;C:\NetBeans68\ide12\modules\ext\jaxb\api\jaxb-api.jar;C:\NetBeans68\ide12\modules\ext\jaxb\jaxb-impl.jar;C:\NetBeans68\ide12\modules\ext\jaxb\jaxb1-impl.jar;C:\NetBeans68\ide12\modules\ext\jaxb\jaxb-xjc.jar;C:\NetBeans68\ide12\modules\ext\jaxb\api\jsr173_api.jar" />
    <property name="php.global.include.path" value="" />
    <property name="do.depend" value="false" />
    <property name="dist.javadoc.dir" value="dist/javadoc" />
    <property name="libs.swing-layout.classpath" value="C:\NetBeans68\platform11\modules\ext\swing-layout-1.0.4.jar" />
    <property name="ant.file.u2a9" value="E:\dev\netbeans_projects\u2a9\build.xml" />
    <property name="libs.restlib_gfv3.src" value="" />
    <property name="libs.SPOTlibHost.src" value="C:\SunSPOT\sdk\src\multihop_common_source.jar;C:\SunSPOT\sdk\src\spotlib_host_source.jar;C:\SunSPOT\sdk\src\spotlib_source.jar;C:\SunSPOT\sdk\src\spotclient_source.jar" />
    <property name="libs.restlib.src" value="" />
    <property name="javac.source" value="1.5" />
    <property name="build.generated.dir" value="build/generated" />
    <property name="line.separator" value="
" />
    <property name="libs.proguard.src" value="" />
    <property name="libs.hibernate-persistence.src" value="" />
    <property name="java.specification.version" value="1.6" />
    <property name="libs.nb_svg_midp_components.javadoc" value="C:\NetBeans68\mobility8\modules\docs\nb_svg_midp_components-api.zip" />
    <property name="java.vm.info" value="mixed mode, sharing" />
    <property name="libs.jaxws21.maven-pom" value="" />
    <property name="libs.restlib_gfv3.javadoc" value="D:\Program Files\NetBeans 6.8\enterprise6\docs\jsr311-api-1.1.1-javadoc.zip;D:\Program Files\NetBeans 6.8\enterprise6\docs\jersey-1.1.4-javadoc.zip" />
    <property name="libs.cdc-ant-utils.javadoc" value="" />
    <property name="libs.spring-framework.maven-pom" value="" />
    <property name="sun.boot.class.path" value="E:\dev\netbeans_projects\u2a9\${endorsed.classpath};C:\Program Files (x86)\Java\jdk1.6.0_20\jre\lib\resources.jar;C:\Program Files (x86)\Java\jdk1.6.0_20\jre\lib\rt.jar;C:\Program Files (x86)\Java\jdk1.6.0_20\jre\lib\sunrsasign.jar;C:\Program Files (x86)\Java\jdk1.6.0_20\jre\lib\jsse.jar;C:\Program Files (x86)\Java\jdk1.6.0_20\jre\lib\jce.jar;C:\Program Files (x86)\Java\jdk1.6.0_20\jre\lib\charsets.jar;C:\Program Files (x86)\Java\jdk1.6.0_20\jre\classes" />
    <property name="libs.Selenium.javadoc" value="C:\Users\Lukas Elmer\.netbeans\6.8\modules\ext\selenium\selenium-java-client-driver-javadoc-1.0.1.zip" />
    <property name="javac.target" value="1.5" />
    <property name="built-jar.properties" value="E:\dev\netbeans_projects\u2a9\build\built-jar.properties" />
    <property name="build.test.classes.dir" value="build/test/classes" />
    <property name="platforms.Java_TM__Platform_Micro_Edition_SDK_3_0.debugcommandline" value="" />
    <property name="src.dir" value="src" />
    <property name="libs.IdentityAntTasks.javadoc" value="" />
    <property name="sun.awt.keepWorkingSetOnMinimize" value="true" />
    <property name="libs.jsf20.src" value="" />
    <property name="libs.proguard.maven-pom" value="" />
    <property name="libs.DataBindingME-SVG.maven-pom" value="" />
    <property name="libs.jsf12.src" value="" />
    <property name="libs.nokiadeployment.src" value="" />
    <property name="libs.savaje-ant-utils.javadoc" value="" />
    <property name="nbplatform.default.netbeans.dest.dir" value="C:\NetBeans68" />
    <property name="libs.struts.javadoc" value="C:\NetBeans68\enterprise6\docs\struts-1.3.8-javadoc.zip" />
    <property name="platforms.Sun_Java_TM__Wireless_Toolkit_2_5_2_for_CLDC.debugcommandline" value="" />
    <property name="libs.cdc-ant-utils.maven-pom" value="" />
    <property name="libs.Comet-GlassFish-v3.classpath" value="C:\sges-v3\glassfish\modules\grizzly-comet.jar" />
    <property name="jspctask.classpath" value="C:\NetBeans68\enterprise6\ant\extra\jspcompile.jar" />
    <property name="libs.restlib_gfv3ee6.javadoc" value="C:\NetBeans68\enterprise6\docs\jsr311-api-1.1.1-javadoc.zip;C:\NetBeans68\enterprise6\docs\jersey-1.1.4-javadoc.zip" />
    <property name="libs.cdc-agui-swing-layout.classpath" value="C:\NetBeans68\mobility8\modules\ext\cdc-agui-swing-layout.jar" />
    <property name="dist.dir" value="dist" />
    <property name="libs.groovy-all.javadoc" value="" />
    <property name="ant.file.u2a9-impl" value="E:\dev\netbeans_projects\u2a9\nbproject\build-impl.xml" />
    <property name="libs.groovy-all.classpath" value="C:\NetBeans68\groovy2\modules\ext\groovy-all.jar" />
    <property name="javac.fork" value="false" />
    <property name="libs.sjmc-ant-utils.classpath" value="C:\NetBeans68\mobility8\modules\ext\org-netbeans-modules-j2me-cdc-project-sjmc.jar" />
    <property name="java.awt.printerjob" value="sun.awt.windows.WPrinterJob" />
    <property name="libs.JMUnit4CLDC10.classpath" value="C:\NetBeans68\mobility8\modules\ext\jmunit4cldc10-1.2.1.jar" />
    <property name="default.javac.source" value="1.6" />
    <property name="debug-transport-by-os" value="dt_shmem" />
    <property name="libs.EclipseLink-GlassFish-v3-Prelude.maven-pom" value="" />
    <property name="libs.MySQLDriver.src" value="" />
    <property name="platforms.default_fx_platform.fxhome" value="C:\NetBeans68\javafx2\javafx-sdk" />
    <property name="sun.jnu.encoding" value="Cp1252" />
    <property name="libs.ant-contrib.maven-pom" value="" />
    <property name="libs.nokiadeployment.javadoc" value="" />
    <property name="build.test.results.dir" value="build/test/results" />
    <property name="java.runtime.version" value="1.6.0_20-b02" />
    <property name="libs.ejb3-persistence.javadoc" value="" />
    <property name="libs.NetBeans MIDP Components.src" value="C:\NetBeans68\mobility8\sources\netbeans_midp_components_basic-src.zip" />
    <property name="manifest.available+main.class+mkdist.available" value="true" />
    <property name="libs.sjmc-ant-utils.javadoc" value="" />
    <property name="default.javac.target" value="1.6" />
    <property name="libs.Java-EE-GlassFish-v3.src" value="" />
    <property name="libs.junit_4.classpath" value="C:\NetBeans68\platform11\modules\ext\junit-4.5.jar" />
    <property name="user.timezone" value="" />
    <property name="libs.Java-EE-GlassFish-v3-Prelude.wsinterop" value="" />
    <property name="libs.Comet-GlassFish-v3-Prelude.maven-pom" value="" />
    <property name="libs.ant-contrib.src" value="" />
    <property name="libs.javaee-endorsed-api-6.0.maven-pom" value="" />
    <property name="netbeans.dirs" value="C:\NetBeans68\nb6.8;C:\NetBeans68\ergonomics2;C:\NetBeans68\ide12;C:\NetBeans68\java3;C:\NetBeans68\xml2;C:\NetBeans68\apisupport1;C:\NetBeans68\webcommon1;C:\NetBeans68\websvccommon1;C:\NetBeans68\enterprise6;C:\NetBeans68\mobility8;C:\NetBeans68\profiler3;C:\NetBeans68\ruby2;C:\NetBeans68\python1;C:\NetBeans68\php1;C:\NetBeans68\visualweb2;C:\NetBeans68\soa2;C:\NetBeans68\identity2;C:\NetBeans68\uml6;C:\NetBeans68\harness;C:\NetBeans68\cnd3;C:\NetBeans68\dlight2;C:\NetBeans68\groovy2;C:\NetBeans68\extra;C:\NetBeans68\javafx2;C:\NetBeans68\javacard1;C:\NetBeans68\maven1" />
    <property name="manifest.available+mkdist.available" value="true" />
    <property name="libs.jsf20.javadoc" value="C:\NetBeans68\enterprise6\docs\javaee6-doc-api.zip" />
    <property name="libs.restlib_gfv3ee6.src" value="" />
    <property name="java.ext.dirs" value="C:\Program Files (x86)\Java\jdk1.6.0_20\jre\lib\ext;C:\Windows\Sun\Java\lib\ext" />
    <property name="libs.SPOTlibHost.classpath" value="C:\SunSPOT\sdk\lib\multihop_common.jar;C:\SunSPOT\sdk\lib\spotlib_host.jar;C:\SunSPOT\sdk\lib\spotlib_common.jar;C:\SunSPOT\sdk\lib\squawk_common.jar;C:\SunSPOT\sdk\lib\RXTXcomm.jar;C:\SunSPOT\sdk\lib\spotclient_host.jar;C:\SunSPOT\sdk\lib\signing_host.jar" />
    <property name="libs.metro.src" value="" />
    <property name="libs.semc-ant-utils.src" value="" />
    <property name="libs.savaje-ant-utils.maven-pom" value="" />
    <property name="libs.absolutelayout.classpath" value="C:\NetBeans68\java3\modules\ext\AbsoluteLayout.jar" />
    <property name="excludes" value="" />
    <property name="libs.restlib.maven-pom" value="" />
    <property name="libs.metro.classpath" value="C:\NetBeans68\ide12\modules\ext\jaxb\activation.jar;C:\NetBeans68\enterprise6\modules\ext\metro\webservices-api.jar;C:\NetBeans68\enterprise6\modules\ext\metro\webservices-extra-api.jar;C:\NetBeans68\enterprise6\modules\ext\metro\webservices-extra.jar;C:\NetBeans68\enterprise6\modules\ext\metro\webservices-rt.jar;C:\NetBeans68\enterprise6\modules\ext\metro\webservices-tools.jar" />
    <property name="libs.DataBindingME.javadoc" value="C:\NetBeans68\mobility8\modules\docs\netbeans_databindingme-api.zip" />
    <property name="java.class.path" value="E:\dev\netbeans_projects\u2a9\build\classes;C:\NetBeans68\java3\modules\ext\junit-3.8.2.jar;C:\NetBeans68\platform11\modules\ext\junit-4.5.jar;E:\dev\netbeans_projects\u2a9\build\test\classes;E:\dev\netbeans_projects\u2a9;C:\Program Files (x86)\Java\jre6\lib\ext\QTJava.zip;C:\NetBeans68\java3\ant\lib\ant-launcher.jar;C:\NetBeans68\java3\ant\lib\ant.jar;C:\NetBeans68\java3\ant\patches\72080.jar" />
    <property name="apple.laf.useScreenMenuBar" value="true" />
    <property name="libs.Java-EE-GlassFish-v3-Prelude.wscompile" value="" />
    <property name="libs.SPOTlib.classpath" value="C:\SunSPOT\sdk\lib\spotlib_device.jar;C:\SunSPOT\sdk\lib\spotlib_common.jar;C:\SunSPOT\sdk\lib\multihop_common.jar;C:\SunSPOT\sdk\lib\transducer_device.jar;C:\SunSPOT\sdk\lib\squawk_device.jar" />
    <property name="do.mkdist" value="true" />
    <property name="libs.absolutelayout.src" value="" />
    <property name="libs.cdc-pp-awt-layout.maven-pom" value="" />
    <property name="os.version" value="6.1" />
    <property name="application.args" value="" />
    <property name="libs.EclipseLink-GlassFish-v3.javadoc" value="C:\NetBeans68\enterprise6\docs\javaee6-doc-api.zip" />
    <property name="main.class.available" value="true" />
    <property name="libs.JMUnit4CLDC11.maven-pom" value="" />
    <property name="libs.toplink.javadoc" value="C:\NetBeans68\enterprise6\docs\javaee6-doc-api.zip" />
    <property name="sun.desktop" value="windows" />
    <property name="libs.nb_svg_midp_components.maven-pom" value="" />
    <property name="libs.Comet-GlassFish-v3.src" value="" />
    <property name="libs.ricoh-ant-utils.javadoc" value="" />
    <property name="libs.NetBeans MIDP Components PDA.maven-pom" value="" />
    <property name="libs.restlib.javadoc" value="C:\NetBeans68\enterprise6\docs\jersey-1.1.4-javadoc.zip" />
    <property name="libs.eclipselink.classpath" value="C:\NetBeans68\java3\modules\ext\eclipselink\eclipselink-2.0.0.jar;C:\NetBeans68\java3\modules\ext\eclipselink\eclipselink-javax.persistence-2.0.jar" />
    <property name="libs.beans-binding.javadoc" value="C:\NetBeans68\java3\docs\beansbinding-1.2.1-doc.zip" />
    <property name="java.awt.graphicsenv" value="sun.awt.Win32GraphicsEnvironment" />
    <property name="libs.Java-EE-GlassFish-v3.classpath" value="C:\sges-v3\glassfish\modules\endorsed\webservices-api-osgi.jar;C:\sges-v3\glassfish\modules\jsf-api.jar;C:\sges-v3\glassfish\modules\endorsed\javax.annotation.jar;C:\sges-v3\glassfish\modules\javax.security.jacc.jar;C:\sges-v3\glassfish\modules\javax.servlet.jsp.jar;C:\sges-v3\glassfish\modules\javax.servlet.jsp.jstl.jar;C:\sges-v3\glassfish\modules\javax.enterprise.deploy.jar;C:\sges-v3\glassfish\modules\javax.security.auth.message.jar;C:\sges-v3\glassfish\modules\javax.jms.jar;C:\sges-v3\glassfish\modules\jsr311-api.jar;C:\sges-v3\glassfish\modules\javax.persistence.jar;C:\sges-v3\glassfish\modules\endorsed\jaxb-api-osgi.jar;C:\sges-v3\glassfish\modules\jstl-impl.jar;C:\sges-v3\glassfish\modules\weld-osgi-bundle.jar;C:\sges-v3\glassfish\modules\mail.jar;C:\sges-v3\glassfish\modules\bean-validator.jar;C:\sges-v3\glassfish\modules\javax.ejb.jar;C:\sges-v3\glassfish\modules\javax.resource.jar;C:\sges-v3\glassfish\modules\javax.transaction.jar;C:\sges-v3\glassfish\modules\jsf-impl.jar;C:\sges-v3\glassfish\modules\javax.servlet.jar;C:\sges-v3\glassfish\modules\javax.management.j2ee.jar;C:\sges-v3\glassfish\modules\web-core.jar" />
    <property name="java.vm.vendor" value="Sun Microsystems Inc." />
    <property name="libs.CopyLibs.classpath" value="C:\NetBeans68\java3\ant\extra\org-netbeans-modules-java-j2seproject-copylibstask.jar" />
    <property name="libs.Java-EE-GlassFish-v3.wsinterop" value="" />
    <property name="libs.spring-webmvc.maven-pom" value="" />
    <property name="run.jvmargs" value="" />
    <property name="libs.ejb3-persistence.classpath" value="C:\NetBeans68\java3\modules\ext\hibernate\ejb3-persistence.jar" />
    <property name="libs.spring-framework.javadoc" value="" />
    <property name="platforms.Java_TM__Platform_Micro_Edition_SDK_3_0.type" value="UEI-1.0.1" />
    <property name="libs.DataBindingME-PIM.src" value="" />
    <property name="libs.PostgreSQLDriver.classpath" value="C:\NetBeans68\ide12\modules\ext\postgresql-8.3-603.jdbc3.jar" />
    <property name="libs.jsf12.maven-pom" value="" />
    <property name="libs.junit.src" value="" />
    <property name="main.class" value="u2a9.Main" />
    <property name="libs.CopyLibs.src" value="" />
    <property name="build.dir" value="build" />
    <property name="ant.version" value="Apache Ant version 1.7.1 compiled on June 27 2008" />
    <property name="file.encoding" value="Cp1252" />
    <property name="build.classes.excludes" value="**/*.java,**/*.form" />
    <property name="javadoc.nonavbar" value="false" />
    <property name="platform.active" value="default_platform" />
    <property name="awt.toolkit" value="sun.awt.windows.WToolkit" />
  </properties>
  <testcase classname="u2a9.MatrixTest" name="initializationError" time="0.0030">
    <error message="No runnable methods" type="java.lang.Exception">java.lang.Exception: No runnable methods
	at java.lang.reflect.Constructor.newInstance(Constructor.java:513)
</error>
  </testcase>
  <system-out><![CDATA[]]></system-out>
  <system-err><![CDATA[]]></system-err>
</testsuite>
